mobile/build/intermediates/manifest_merge_blame_file/debug/processDebugMainManifest/manifest-merger-blame-debug-report.txt
1<?xml version="1.0" encoding="utf-8"?>
2<manifest xmlns:android="http://schemas.android.com/apk/res/android"
3    package="com.example.dive"
4    android:versionCode="1"
5    android:versionName="1.0" >
6
7    <uses-sdk
8        android:minSdkVersion="26"
9        android:targetSdkVersion="36" />
10
11    <uses-permission android:name="android.permission.INTERNET" />
11-->src\main\AndroidManifest.xml:4:5-67
11-->src\main\AndroidManifest.xml:4:22-64
12    <uses-permission android:name="android.permission.POST_NOTIFICATIONS" />
12-->src\main\AndroidManifest.xml:5:5-77
12-->src\main\AndroidManifest.xml:5:22-74
13
14    <permission
14-->[androidx.core:core:1.10.1] AndroidManifest.xml:22:5-24:47
15        android:name="com.example.dive.DYNAMIC_RECEIVER_NOT_EXPORTED_PERMISSION"
15-->[androidx.core:core:1.10.1] AndroidManifest.xml:23:9-81
16        android:protectionLevel="signature" />
16-->[androidx.core:core:1.10.1] AndroidManifest.xml:24:9-44
17
18    <uses-permission android:name="com.example.dive.DYNAMIC_RECEIVER_NOT_EXPORTED_PERMISSION" />
18-->[androidx.core:core:1.10.1] AndroidManifest.xml:26:5-97
18-->[androidx.core:core:1.10.1] AndroidManifest.xml:26:22-94
19
20    <application
20-->src\main\AndroidManifest.xml:7:5-45:19
21        android:allowBackup="true"
21-->src\main\AndroidManifest.xml:8:9-35
22        android:appComponentFactory="androidx.core.app.CoreComponentFactory"
22-->[androidx.core:core:1.10.1] AndroidManifest.xml:28:18-86
23        android:debuggable="true"
24        android:extractNativeLibs="false"
25        android:label="@string/app_name"
25-->src\main\AndroidManifest.xml:9:9-41
26        android:theme="@android:style/Theme.Material.Light" >
26-->src\main\AndroidManifest.xml:10:9-60
27
28        <!-- 최초 1회 실행되어야 데이터 레이어 수신이 활성화됩니다. -->
29        <activity
29-->src\main\AndroidManifest.xml:13:9-20:20
30            android:name="com.example.dive.mobile.MainActivity"
30-->src\main\AndroidManifest.xml:14:13-41
31            android:exported="true" >
31-->src\main\AndroidManifest.xml:15:13-36
32            <intent-filter>
32-->src\main\AndroidManifest.xml:16:13-19:29
33                <action android:name="android.intent.action.MAIN" />
33-->src\main\AndroidManifest.xml:17:17-69
33-->src\main\AndroidManifest.xml:17:25-66
34
35                <category android:name="android.intent.category.LAUNCHER" />
35-->src\main\AndroidManifest.xml:18:17-77
35-->src\main\AndroidManifest.xml:18:27-74
36            </intent-filter>
37        </activity>
38
39        <!-- 워치에서 보낸 리포트 채널 수신 -->
40        <service
40-->src\main\AndroidManifest.xml:23:9-33:19
41            android:name="com.example.dive.mobile.ReportReceiverService"
41-->src\main\AndroidManifest.xml:24:13-50
42            android:exported="true" >
42-->src\main\AndroidManifest.xml:25:13-36
43            <intent-filter>
43-->src\main\AndroidManifest.xml:26:13-32:29
44                <action android:name="com.google.android.gms.wearable.CHANNEL_EVENT" />
44-->src\main\AndroidManifest.xml:27:17-88
44-->src\main\AndroidManifest.xml:27:25-85
45
46                <data
46-->src\main\AndroidManifest.xml:28:17-31:57
47                    android:host="*"
47-->src\main\AndroidManifest.xml:30:21-37
48                    android:pathPrefix="/dive-report"
48-->src\main\AndroidManifest.xml:31:21-54
49                    android:scheme="wear" />
49-->src\main\AndroidManifest.xml:29:21-42
50            </intent-filter>
51        </service>
52
53        <!-- 수신한 HTML을 브라우저로 열기 위한 FileProvider -->
54        <provider
55            android:name="androidx.core.content.FileProvider"
55-->src\main\AndroidManifest.xml:37:13-62
56            android:authorities="com.example.dive.fileprovider"
56-->src\main\AndroidManifest.xml:38:13-64
57            android:exported="false"
57-->src\main\AndroidManifest.xml:39:13-37
58            android:grantUriPermissions="true" >
58-->src\main\AndroidManifest.xml:40:13-47
59            <meta-data
59-->src\main\AndroidManifest.xml:41:13-43:54
60                android:name="android.support.FILE_PROVIDER_PATHS"
60-->src\main\AndroidManifest.xml:42:17-67
61                android:resource="@xml/file_paths" />
61-->src\main\AndroidManifest.xml:43:17-51
62        </provider>
63
64        <activity
64-->[com.google.android.gms:play-services-auth:20.7.0] AndroidManifest.xml:23:9-27:75
65            android:name="com.google.android.gms.auth.api.signin.internal.SignInHubActivity"
65-->[com.google.android.gms:play-services-auth:20.7.0] AndroidManifest.xml:24:13-93
66            android:excludeFromRecents="true"
66-->[com.google.android.gms:play-services-auth:20.7.0] AndroidManifest.xml:25:13-46
67            android:exported="false"
67-->[com.google.android.gms:play-services-auth:20.7.0] AndroidManifest.xml:26:13-37
68            android:theme="@android:style/Theme.Translucent.NoTitleBar" />
68-->[com.google.android.gms:play-services-auth:20.7.0] AndroidManifest.xml:27:13-72
69        <!--
70            Service handling Google Sign-In user revocation. For apps that do not integrate with
71            Google Sign-In, this service will never be started.
72        -->
73        <service
73-->[com.google.android.gms:play-services-auth:20.7.0] AndroidManifest.xml:33:9-37:51
74            android:name="com.google.android.gms.auth.api.signin.RevocationBoundService"
74-->[com.google.android.gms:play-services-auth:20.7.0] AndroidManifest.xml:34:13-89
75            android:exported="true"
75-->[com.google.android.gms:play-services-auth:20.7.0] AndroidManifest.xml:35:13-36
76            android:permission="com.google.android.gms.auth.api.signin.permission.REVOCATION_NOTIFICATION"
76-->[com.google.android.gms:play-services-auth:20.7.0] AndroidManifest.xml:36:13-107
77            android:visibleToInstantApps="true" />
77-->[com.google.android.gms:play-services-auth:20.7.0] AndroidManifest.xml:37:13-48
78
79        <activity
79-->[com.google.android.gms:play-services-base:18.0.1] AndroidManifest.xml:20:9-22:45
80            android:name="com.google.android.gms.common.api.GoogleApiActivity"
80-->[com.google.android.gms:play-services-base:18.0.1] AndroidManifest.xml:20:19-85
81            android:exported="false"
81-->[com.google.android.gms:play-services-base:18.0.1] AndroidManifest.xml:22:19-43
82            android:theme="@android:style/Theme.Translucent.NoTitleBar" />
82-->[com.google.android.gms:play-services-base:18.0.1] AndroidManifest.xml:21:19-78
83
84        <meta-data
84-->[com.google.android.gms:play-services-basement:18.2.0] AndroidManifest.xml:21:9-23:69
85            android:name="com.google.android.gms.version"
85-->[com.google.android.gms:play-services-basement:18.2.0] AndroidManifest.xml:22:13-58
86            android:value="@integer/google_play_services_version" />
86-->[com.google.android.gms:play-services-basement:18.2.0] AndroidManifest.xml:23:13-66
87    </application>
88
89</manifest>